#
# A fatal error has been detected by the Java Runtime Environment:
#
#  EXCEPTION_ACCESS_VIOLATION (0xc0000005) at pc=0x00007ff9ace6e59b, pid=7840, tid=2340
#
# JRE version: OpenJDK Runtime Environment Temurin-17.0.5+8 (17.0.5+8) (build 17.0.5+8)
# Java VM: OpenJDK 64-Bit Server VM Temurin-17.0.5+8 (17.0.5+8, mixed mode, tiered, compressed oops, compressed class ptrs, parallel gc, windows-amd64)
# Problematic frame:
# V  [jvm.dll+0x57e59b]
#
# No core dump will be written. Minidumps are not enabled by default on client versions of Windows
#
# If you would like to submit a bug report, please visit:
#   https://github.com/adoptium/adoptium-support/issues
#

---------------  S U M M A R Y ------------

Command Line: --add-modules=ALL-SYSTEM --add-opens=java.base/java.util=ALL-UNNAMED --add-opens=java.base/java.lang=ALL-UNNAMED --add-opens=java.base/sun.nio.fs=ALL-UNNAMED -Declipse.application=org.eclipse.jdt.ls.core.id1 -Dosgi.bundles.defaultStartLevel=4 -Declipse.product=org.eclipse.jdt.ls.core.product -Djava.import.generatesMetadataFilesAtProjectRoot=false -Dfile.encoding=utf8 -XX:+UseParallelGC -XX:GCTimeRatio=4 -XX:AdaptiveSizePolicyWeight=90 -Dsun.zip.disableMemoryMapping=true -Xmx1G -Xms100m -Xlog:disable -javaagent:c:\Users\dell\.vscode\extensions\redhat.java-1.14.0-win32-x64\lombok\lombok-1.18.24.jar -XX:+HeapDumpOnOutOfMemoryError -XX:HeapDumpPath=c:\Users\dell\AppData\Roaming\Code\User\workspaceStorage\99e6ae8632433da49c8b74ed8f7e51d0\redhat.java c:\Users\dell\.vscode\extensions\redhat.java-1.14.0-win32-x64\server\plugins\org.eclipse.equinox.launcher_1.6.400.v20210924-0641.jar -configuration c:\Users\dell\AppData\Roaming\Code\User\globalStorage\redhat.java\1.14.0\config_win -data c:\Users\dell\AppData\Roaming\Code\User\workspaceStorage\99e6ae8632433da49c8b74ed8f7e51d0\redhat.java\jdt_ws

Host: Intel(R) Core(TM) i3-1005G1 CPU @ 1.20GHz, 4 cores, 7G,  Windows 10 , 64 bit Build 19041 (10.0.19041.1806)
Time: Mon Jan 30 15:49:12 2023 India Standard Time elapsed time: 192.842390 seconds (0d 0h 3m 12s)

---------------  T H R E A D  ---------------

Current thread (0x0000014bafdeed50):  JavaThread "C2 CompilerThread0" daemon [_thread_in_native, id=2340, stack(0x000000290e000000,0x000000290e100000)]


Current CompileTask:
C2: 192842 11857       4       org.eclipse.jdt.internal.core.JavaElement::close (9 bytes)

Stack: [0x000000290e000000,0x000000290e100000],  sp=0x000000290e0fa5d0,  free space=1001k
Native frames: (J=compiled Java code, j=interpreted, Vv=VM code, C=native code)
V  [jvm.dll+0x57e59b]
V  [jvm.dll+0x57d938]
V  [jvm.dll+0x21fd72]
V  [jvm.dll+0x219744]
V  [jvm.dll+0x216e6b]
V  [jvm.dll+0x1a343d]
V  [jvm.dll+0x22698a]
V  [jvm.dll+0x224ac5]
V  [jvm.dll+0x7e727b]
V  [jvm.dll+0x7e17ea]
V  [jvm.dll+0x6759e5]
C  [ucrtbase.dll+0x21bb2]
C  [KERNEL32.DLL+0x17034]
C  [ntdll.dll+0x52651]


siginfo: EXCEPTION_ACCESS_VIOLATION (0xc0000005), reading address 0x0000014bb7d96e80


Register to memory mapping:

RIP=0x00007ff9ace6e59b jvm.dll
RAX=0x0 is NULL
RBX=0x0000014bb7d96e58 is an unknown value
RCX=0x0000000000000004 is an unknown value
RDX=0x0000014bb39db808 points into unknown readable memory: 0xffe3fdffe15f2ebb | bb 2e 5f e1 ff fd e3 ff
RSP=0x000000290e0fa5d0 is pointing into the stack for thread: 0x0000014bafdeed50
RBP=0x0000000000000018 is an unknown value
RSI=0x000000000000004e is an unknown value
RDI=0x000000290e0fa6a0 is pointing into the stack for thread: 0x0000014bafdeed50
R8 =0x0000000001000000 is an unknown value
R9 =0x000000290e0fa9b0 is pointing into the stack for thread: 0x0000014bafdeed50
R10=0x0000014bb73c7bd0 points into unknown readable memory: 0x0000014bb7931cc8 | c8 1c 93 b7 4b 01 00 00
R11=0x0000014bb7548a10 points into unknown readable memory: 0x0000014bb7932940 | 40 29 93 b7 4b 01 00 00
R12=0x000000290e0fa680 is pointing into the stack for thread: 0x0000014bafdeed50
R13=0x000000290e0fa660 is pointing into the stack for thread: 0x0000014bafdeed50
R14=0x0000000000000001 is an unknown value
R15=0x0000014bb5d965d8 points into unknown readable memory: 0x00007ff9ad19d6d0 | d0 d6 19 ad f9 7f 00 00


Registers:
RAX=0x0000000000000000, RBX=0x0000014bb7d96e58, RCX=0x0000000000000004, RDX=0x0000014bb39db808
RSP=0x000000290e0fa5d0, RBP=0x0000000000000018, RSI=0x000000000000004e, RDI=0x000000290e0fa6a0
R8 =0x0000000001000000, R9 =0x000000290e0fa9b0, R10=0x0000014bb73c7bd0, R11=0x0000014bb7548a10
R12=0x000000290e0fa680, R13=0x000000290e0fa660, R14=0x0000000000000001, R15=0x0000014bb5d965d8
RIP=0x00007ff9ace6e59b, EFLAGS=0x0000000000010203

Top of Stack: (sp=0x000000290e0fa5d0)
0x000000290e0fa5d0:   0000014bb7934778 000000000000001e
0x000000290e0fa5e0:   0000014bb1924da8 0000014b9a11c450
0x000000290e0fa5f0:   0000000000000000 0000014b9a11c480
0x000000290e0fa600:   0000014bb1cab3b8 000000290e0fa730
0x000000290e0fa610:   0000000000050200 0000014b9a05fa60
0x000000290e0fa620:   0000000000000001 00007ff9ace6d938
0x000000290e0fa630:   000000290e0fa9b0 000000290e0fa9b0
0x000000290e0fa640:   0000014b00000004 000000290e0fa6a0
0x000000290e0fa650:   0000000000000000 0000000000000000
0x000000290e0fa660:   0000014bafde7130 0000000000001000
0x000000290e0fa670:   0000014bb39e2e60 0000014b00000f43
0x000000290e0fa680:   0000000000000100 0000014bb39db6d0
0x000000290e0fa690:   0000014b00000100 0000014bafde7130
0x000000290e0fa6a0:   0000014bb73ca420 0000014bb73d4d20
0x000000290e0fa6b0:   0000014bb73ca420 0000014bafde7130
0x000000290e0fa6c0:   0000014bafde7130 0000014b00000004 

Instructions: (pc=0x00007ff9ace6e59b)
0x00007ff9ace6e49b:   4c 8b f3 44 89 60 08 e9 99 fc ff ff 41 8b 45 18
0x00007ff9ace6e4ab:   85 c0 0f 85 7d fc ff ff 4c 8b 74 24 20 4c 8b 64
0x00007ff9ace6e4bb:   24 28 48 8b 7c 24 30 48 8b 74 24 38 48 8b 5c 24
0x00007ff9ace6e4cb:   60 48 83 c4 40 41 5f 41 5d 5d c3 cc cc cc cc cc
0x00007ff9ace6e4db:   cc cc cc cc cc 48 89 4c 24 08 57 41 54 41 55 48
0x00007ff9ace6e4eb:   83 ec 40 41 8b 40 18 49 8b f9 4d 8b e8 4c 8b e2
0x00007ff9ace6e4fb:   4c 8b c9 85 c0 0f 84 3d 02 00 00 48 89 5c 24 68
0x00007ff9ace6e50b:   48 89 6c 24 38 48 89 74 24 30 4c 89 74 24 28 4c
0x00007ff9ace6e51b:   89 7c 24 20 90 ff c8 41 89 45 18 8b c8 49 8b 45
0x00007ff9ace6e52b:   10 4c 8b 3c c8 41 8b 77 28 8b de c1 eb 05 41 3b
0x00007ff9ace6e53b:   1c 24 72 0f 8b d3 49 8b cc e8 37 c6 29 00 4c 8b
0x00007ff9ace6e54b:   4c 24 60 49 8b 44 24 08 83 e6 1f 48 8d 14 98 40
0x00007ff9ace6e55b:   0f b6 ce 41 b8 01 00 00 00 41 d3 e0 8b 0a 8b c1
0x00007ff9ace6e56b:   41 0b c0 89 02 41 85 c8 0f 85 a0 01 00 00 41 8b
0x00007ff9ace6e57b:   4f 20 45 33 f6 89 4c 24 70 44 3b f1 0f 83 59 01
0x00007ff9ace6e58b:   00 00 49 8b 5f 10 41 8b c6 41 ff c6 48 8b 1c c3
0x00007ff9ace6e59b:   8b 43 28 41 3b 41 28 73 0d 8b c8 49 8b 41 30 48
0x00007ff9ace6e5ab:   83 3c c8 00 75 39 48 83 7b 10 00 74 32 49 8d b1
0x00007ff9ace6e5bb:   b8 09 00 00 8b 6e 18 8d 45 01 89 46 18 3b 6e 08
0x00007ff9ace6e5cb:   72 0f 8b d5 48 8b ce e8 59 59 0d 00 4c 8b 4c 24
0x00007ff9ace6e5db:   60 48 8b 46 10 8b 4c 24 70 48 89 1c e8 eb 9a 48
0x00007ff9ace6e5eb:   8b 43 08 48 83 38 00 74 77 48 8b 03 48 8b cb ff
0x00007ff9ace6e5fb:   50 10 84 c0 75 0a 8b 43 2c 83 e0 0f 3c 0c 75 60
0x00007ff9ace6e60b:   8b 4b 28 8b c1 c1 e8 05 41 3b 04 24 73 21 4c 8b
0x00007ff9ace6e61b:   4c 24 60 83 e1 1f 8b d1 8b c8 49 8b 44 24 08 8b
0x00007ff9ace6e62b:   0c 88 0f a3 d1 8b 4c 24 70 0f 82 4a ff ff ff 41
0x00007ff9ace6e63b:   8b 75 18 8d 46 01 41 89 45 18 41 3b 75 08 72 0a
0x00007ff9ace6e64b:   8b d6 49 8b cd e8 db 58 0d 00 49 8b 45 10 8b 4c
0x00007ff9ace6e65b:   24 70 4c 8b 4c 24 60 48 89 1c f0 e9 19 ff ff ff
0x00007ff9ace6e66b:   8b 6b 28 8b f5 c1 ee 05 41 3b 34 24 72 0a 8b d6
0x00007ff9ace6e67b:   49 8b cc e8 fd c4 29 00 49 8b 44 24 08 83 e5 1f
0x00007ff9ace6e68b:   4c 8b 4c 24 60 48 8d 14 b0 40 0f b6 cd 41 b8 01 


Stack slot to memory mapping:
stack at sp + 0 slots: 0x0000014bb7934778 points into unknown readable memory: 0x00007ff9ad239858 | 58 98 23 ad f9 7f 00 00
stack at sp + 1 slots: 0x000000000000001e is an unknown value
stack at sp + 2 slots: 0x0000014bb1924da8 points into unknown readable memory: 0x00007ff9ad219b08 | 08 9b 21 ad f9 7f 00 00
stack at sp + 3 slots: 0x0000014b9a11c450 points into unknown readable memory: 0x0000014bafdeed50 | 50 ed de af 4b 01 00 00
stack at sp + 4 slots: 0x0 is NULL
stack at sp + 5 slots: 0x0000014b9a11c480 points into unknown readable memory: 0x8000000700000001 | 01 00 00 00 07 00 00 80
stack at sp + 6 slots: 0x0000014bb1cab3b8 points into unknown readable memory: 0x00007ff9ad219628 | 28 96 21 ad f9 7f 00 00
stack at sp + 7 slots: 0x000000290e0fa730 is pointing into the stack for thread: 0x0000014bafdeed50


---------------  P R O C E S S  ---------------

Threads class SMR info:
_java_thread_list=0x0000014bb56ca170, length=28, elements={
0x0000014b9a049cf0, 0x0000014bafdbc740, 0x0000014bafdbe5d0, 0x0000014bafde8150,
0x0000014bafdeaf20, 0x0000014bafdeb7e0, 0x0000014bafdec0a0, 0x0000014bafdeed50,
0x0000014bafe2e5f0, 0x0000014bb1836740, 0x0000014b9a108710, 0x0000014bb1b06fe0,
0x0000014bb1fb4c00, 0x0000014bb215b000, 0x0000014bb215bae0, 0x0000014bb220ea40,
0x0000014bb33d96b0, 0x0000014bb1d80370, 0x0000014bb1d7f030, 0x0000014bb1d81b80,
0x0000014bb1d80840, 0x0000014bb1d811e0, 0x0000014bb1d82050, 0x0000014bb1d816b0,
0x0000014bb1d7f9d0, 0x0000014bb5f8f9d0, 0x0000014bb5f92050, 0x0000014bb88f6450
}

Java Threads: ( => current thread )
  0x0000014b9a049cf0 JavaThread "main" [_thread_blocked, id=2116, stack(0x000000290d700000,0x000000290d800000)]
  0x0000014bafdbc740 JavaThread "Reference Handler" daemon [_thread_blocked, id=6604, stack(0x000000290da00000,0x000000290db00000)]
  0x0000014bafdbe5d0 JavaThread "Finalizer" daemon [_thread_blocked, id=2432, stack(0x000000290db00000,0x000000290dc00000)]
  0x0000014bafde8150 JavaThread "Signal Dispatcher" daemon [_thread_blocked, id=8872, stack(0x000000290dc00000,0x000000290dd00000)]
  0x0000014bafdeaf20 JavaThread "Attach Listener" daemon [_thread_blocked, id=4984, stack(0x000000290dd00000,0x000000290de00000)]
  0x0000014bafdeb7e0 JavaThread "Service Thread" daemon [_thread_blocked, id=8020, stack(0x000000290de00000,0x000000290df00000)]
  0x0000014bafdec0a0 JavaThread "Monitor Deflation Thread" daemon [_thread_blocked, id=2208, stack(0x000000290df00000,0x000000290e000000)]
=>0x0000014bafdeed50 JavaThread "C2 CompilerThread0" daemon [_thread_in_native, id=2340, stack(0x000000290e000000,0x000000290e100000)]
  0x0000014bafe2e5f0 JavaThread "C1 CompilerThread0" daemon [_thread_blocked, id=10376, stack(0x000000290e100000,0x000000290e200000)]
  0x0000014bb1836740 JavaThread "Sweeper thread" daemon [_thread_blocked, id=12152, stack(0x000000290e200000,0x000000290e300000)]
  0x0000014b9a108710 JavaThread "Common-Cleaner" daemon [_thread_blocked, id=1804, stack(0x000000290e300000,0x000000290e400000)]
  0x0000014bb1b06fe0 JavaThread "Notification Thread" daemon [_thread_blocked, id=7968, stack(0x000000290e400000,0x000000290e500000)]
  0x0000014bb1fb4c00 JavaThread "Active Thread: Equinox Container: 4761b1af-4ef1-4a4a-9fd4-7977fae2c173" [_thread_blocked, id=1536, stack(0x000000290e900000,0x000000290ea00000)]
  0x0000014bb215b000 JavaThread "Framework Event Dispatcher: Equinox Container: 4761b1af-4ef1-4a4a-9fd4-7977fae2c173" daemon [_thread_blocked, id=1608, stack(0x000000290eb00000,0x000000290ec00000)]
  0x0000014bb215bae0 JavaThread "Start Level: Equinox Container: 4761b1af-4ef1-4a4a-9fd4-7977fae2c173" daemon [_thread_blocked, id=2268, stack(0x000000290ec00000,0x000000290ed00000)]
  0x0000014bb220ea40 JavaThread "SCR Component Actor" daemon [_thread_blocked, id=5580, stack(0x000000290ed00000,0x000000290ee00000)]
  0x0000014bb33d96b0 JavaThread "Worker-JM" [_thread_blocked, id=8032, stack(0x000000290ef00000,0x000000290f000000)]
  0x0000014bb1d80370 JavaThread "Worker-0" [_thread_blocked, id=10052, stack(0x000000290ee00000,0x000000290ef00000)]
  0x0000014bb1d7f030 JavaThread "Worker-1" [_thread_blocked, id=6844, stack(0x000000290f000000,0x000000290f100000)]
  0x0000014bb1d81b80 JavaThread "Java indexing" daemon [_thread_in_native, id=2020, stack(0x000000290f200000,0x000000290f300000)]
  0x0000014bb1d80840 JavaThread "Worker-3" [_thread_blocked, id=4580, stack(0x000000290f400000,0x000000290f500000)]
  0x0000014bb1d811e0 JavaThread "JNA Cleaner" daemon [_thread_blocked, id=8480, stack(0x000000290f500000,0x000000290f600000)]
  0x0000014bb1d82050 JavaThread "pool-2-thread-1" [_thread_blocked, id=10384, stack(0x000000290f800000,0x000000290f900000)]
  0x0000014bb1d816b0 JavaThread "pool-1-thread-1" [_thread_in_Java, id=4068, stack(0x000000290f900000,0x000000290fa00000)]
  0x0000014bb1d7f9d0 JavaThread "ForkJoinPool.commonPool-worker-1" daemon [_thread_blocked, id=6436, stack(0x000000290ea00000,0x000000290eb00000)]
  0x0000014bb5f8f9d0 JavaThread "ForkJoinPool.commonPool-worker-2" daemon [_thread_blocked, id=512, stack(0x000000290fa00000,0x000000290fb00000)]
  0x0000014bb5f92050 JavaThread "ForkJoinPool.commonPool-worker-4" daemon [_thread_blocked, id=9560, stack(0x000000290d500000,0x000000290d600000)]
  0x0000014bb88f6450 JavaThread "C2 CompilerThread1" daemon [_thread_in_native, id=8124, stack(0x000000290d600000,0x000000290d700000)]

Other Threads:
  0x0000014bafda6b90 VMThread "VM Thread" [stack: 0x000000290d900000,0x000000290da00000] [id=2072]
  0x0000014bb1b110f0 WatcherThread [stack: 0x000000290e500000,0x000000290e600000] [id=4520]
  0x0000014b9a05fda0 GCTaskThread "GC Thread#0" [stack: 0x000000290d800000,0x000000290d900000] [id=8408]
  0x0000014bb1ba3a80 GCTaskThread "GC Thread#1" [stack: 0x000000290e600000,0x000000290e700000] [id=1128]
  0x0000014bb2160480 GCTaskThread "GC Thread#2" [stack: 0x000000290e700000,0x000000290e800000] [id=2648]
  0x0000014bb2160730 GCTaskThread "GC Thread#3" [stack: 0x000000290e800000,0x000000290e900000] [id=6340]

Threads with active compile tasks:
C2 CompilerThread0   192934 11857       4       org.eclipse.jdt.internal.core.JavaElement::close (9 bytes)
C2 CompilerThread1   192934 11874   !   4       org.eclipse.core.internal.resources.Workspace::prepareOperation (96 bytes)

VM state: not at safepoint (normal execution)

VM Mutex/Monitor currently owned by a thread: None

Heap address: 0x00000000c0000000, size: 1024 MB, Compressed Oops mode: 32-bit

CDS archive(s) not mapped
Compressed class space mapped at: 0x0000000100000000-0x0000000140000000, reserved size: 1073741824
Narrow klass base: 0x0000000000000000, Narrow klass shift: 3, Narrow klass range: 0x140000000

GC Precious Log:
 CPUs: 4 total, 4 available
 Memory: 7959M
 Large Page Support: Disabled
 NUMA Support: Disabled
 Compressed Oops: Enabled (32-bit)
 Alignments: Space 512K, Generation 512K, Heap 2M
 Heap Min Capacity: 100M
 Heap Initial Capacity: 100M
 Heap Max Capacity: 1G
 Pre-touch: Disabled
 Parallel Workers: 4

Heap:
 PSYoungGen      total 2048K, used 658K [0x00000000eab00000, 0x00000000eae00000, 0x0000000100000000)
  eden space 512K, 47% used [0x00000000eab00000,0x00000000eab3c938,0x00000000eab80000)
  from space 1536K, 27% used [0x00000000eab80000,0x00000000eabe8000,0x00000000ead00000)
  to   space 1024K, 0% used [0x00000000ead00000,0x00000000ead00000,0x00000000eae00000)
 ParOldGen       total 103424K, used 89042K [0x00000000c0000000, 0x00000000c6500000, 0x00000000eab00000)
  object space 103424K, 86% used [0x00000000c0000000,0x00000000c56f4838,0x00000000c6500000)
 Metaspace       used 63409K, committed 64320K, reserved 1114112K
  class space    used 6277K, committed 6656K, reserved 1048576K

Card table byte_map: [0x0000014bad6a0000,0x0000014bad8b0000] _byte_map_base: 0x0000014bad0a0000

Marking Bits: (ParMarkBitMap*) 0x00007ff9ad470dd0
 Begin Bits: [0x0000014bada10000, 0x0000014baea10000)
 End Bits:   [0x0000014baea10000, 0x0000014bafa10000)

Polling page: 0x0000014b9e490000

Metaspace:

Usage:
  Non-class:     55.79 MB used.
      Class:      6.13 MB used.
       Both:     61.92 MB used.

Virtual space:
  Non-class space:       64.00 MB reserved,      56.31 MB ( 88%) committed,  8 nodes.
      Class space:        1.00 GB reserved,       6.50 MB ( <1%) committed,  1 nodes.
             Both:        1.06 GB reserved,      62.81 MB (  6%) committed. 

Chunk freelists:
   Non-Class:  2.94 MB
       Class:  1.44 MB
        Both:  4.38 MB

MaxMetaspaceSize: unlimited
CompressedClassSpaceSize: 1.00 GB
Initial GC threshold: 21.00 MB
Current GC threshold: 104.62 MB
CDS: off
MetaspaceReclaimPolicy: balanced
 - commit_granule_bytes: 65536.
 - commit_granule_words: 8192.
 - virtual_space_node_default_size: 1048576.
 - enlarge_chunks_in_place: 1.
 - new_chunks_are_fully_committed: 0.
 - uncommit_free_chunks: 1.
 - use_allocation_guard: 0.
 - handle_deallocations: 1.


Internal statistics:

num_allocs_failed_limit: 6.
num_arena_births: 460.
num_arena_deaths: 14.
num_vsnodes_births: 9.
num_vsnodes_deaths: 0.
num_space_committed: 1005.
num_space_uncommitted: 0.
num_chunks_returned_to_freelist: 27.
num_chunks_taken_from_freelist: 2976.
num_chunk_merges: 12.
num_chunk_splits: 1867.
num_chunks_enlarged: 1121.
num_purges: 2.
num_inconsistent_stats: 0.

CodeHeap 'non-profiled nmethods': size=120000Kb used=8660Kb max_used=8660Kb free=111339Kb
 bounds [0x0000014ba5f80000, 0x0000014ba6800000, 0x0000014bad4b0000]
CodeHeap 'profiled nmethods': size=120000Kb used=23804Kb max_used=23842Kb free=96195Kb
 bounds [0x0000014b9ea50000, 0x0000014ba01a0000, 0x0000014ba5f80000]
CodeHeap 'non-nmethods': size=5760Kb used=1343Kb max_used=1451Kb free=4417Kb
 bounds [0x0000014b9e4b0000, 0x0000014b9e720000, 0x0000014b9ea50000]
 total_blobs=10399 nmethods=9727 adapters=583
 compilation: enabled
              stopped_count=0, restarted_count=0
 full_count=0

Compilation events (20 events):
Event: 192.725 Thread 0x0000014bafe2e5f0 11869       3       org.eclipse.jdt.internal.core.JavaModelStatus::<init> (14 bytes)
Event: 192.726 Thread 0x0000014bafe2e5f0 nmethod 11869 0x0000014b9f590a10 code [0x0000014b9f590bc0, 0x0000014b9f590ec8]
Event: 192.726 Thread 0x0000014bafe2e5f0 11870       3       org.eclipse.jdt.internal.core.JavaModelStatus::<init> (37 bytes)
Event: 192.726 Thread 0x0000014bafe2e5f0 nmethod 11870 0x0000014b9fc15e90 code [0x0000014b9fc16040, 0x0000014b9fc162a8]
Event: 192.749 Thread 0x0000014bafe2e5f0 11871   !   3       org.eclipse.osgi.internal.log.ExtendedLogEntryImpl::<init> (115 bytes)
Event: 192.749 Thread 0x0000014bafe2e5f0 nmethod 11871 0x0000014b9f796190 code [0x0000014b9f796360, 0x0000014b9f7967a8]
Event: 192.749 Thread 0x0000014bafe2e5f0 11872   !   3       org.eclipse.osgi.internal.log.ExtendedLogReaderServiceFactory::storeEntry (53 bytes)
Event: 192.750 Thread 0x0000014bafe2e5f0 nmethod 11872 0x0000014b9fb55910 code [0x0000014b9fb55b00, 0x0000014b9fb56028]
Event: 192.753 Thread 0x0000014bafdeed50 nmethod 11865 0x0000014ba67ee390 code [0x0000014ba67ee5a0, 0x0000014ba67ef950]
Event: 192.754 Thread 0x0000014bafdeed50 11863       4       org.eclipse.core.internal.localstore.FileStoreRoot::getManager (85 bytes)
Event: 192.764 Thread 0x0000014bafdeed50 nmethod 11863 0x0000014ba67f0310 code [0x0000014ba67f0560, 0x0000014ba67f0bd0]
Event: 192.764 Thread 0x0000014bafdeed50 11857       4       org.eclipse.jdt.internal.core.JavaElement::close (9 bytes)
Event: 192.765 Thread 0x0000014bb88f6450 nmethod 11864% 0x0000014ba67f1510 code [0x0000014ba67f17a0, 0x0000014ba67f3888]
Event: 192.793 Thread 0x0000014bb88f6450 11873       4       org.eclipse.core.internal.jobs.ThreadJob::pop (53 bytes)
Event: 192.794 Thread 0x0000014bb88f6450 nmethod 11873 0x0000014ba67f4990 code [0x0000014ba67f4b00, 0x0000014ba67f4c18]
Event: 192.795 Thread 0x0000014bb88f6450 11874   !   4       org.eclipse.core.internal.resources.Workspace::prepareOperation (96 bytes)
Event: 192.806 Thread 0x0000014bafe2e5f0 11876       1       org.eclipse.lsp4j.DidCloseTextDocumentParams::getTextDocument (5 bytes)
Event: 192.806 Thread 0x0000014bafe2e5f0 nmethod 11876 0x0000014ba67f4d10 code [0x0000014ba67f4ea0, 0x0000014ba67f4f78]
Event: 192.806 Thread 0x0000014bafe2e5f0 11877       1       org.eclipse.lsp4j.TextDocumentIdentifier::getUri (5 bytes)
Event: 192.806 Thread 0x0000014bafe2e5f0 nmethod 11877 0x0000014ba67f5010 code [0x0000014ba67f51a0, 0x0000014ba67f5278]

GC Heap History (20 events):
Event: 192.434 GC heap before
{Heap before GC invocations=624 (full 8):
 PSYoungGen      total 3072K, used 2816K [0x00000000eab00000, 0x00000000eaf00000, 0x0000000100000000)
  eden space 2560K, 100% used [0x00000000eab00000,0x00000000ead80000,0x00000000ead80000)
  from space 512K, 50% used [0x00000000eae00000,0x00000000eae40000,0x00000000eae80000)
  to   space 512K, 0% used [0x00000000eae80000,0x00000000eae80000,0x00000000eaf00000)
 ParOldGen       total 103424K, used 85216K [0x00000000c0000000, 0x00000000c6500000, 0x00000000eab00000)
  object space 103424K, 82% used [0x00000000c0000000,0x00000000c53381a8,0x00000000c6500000)
 Metaspace       used 63390K, committed 64320K, reserved 1114112K
  class space    used 6276K, committed 6656K, reserved 1048576K
}
Event: 192.435 GC heap after
{Heap after GC invocations=624 (full 8):
 PSYoungGen      total 3072K, used 224K [0x00000000eab00000, 0x00000000eaf00000, 0x0000000100000000)
  eden space 2560K, 0% used [0x00000000eab00000,0x00000000eab00000,0x00000000ead80000)
  from space 512K, 43% used [0x00000000eae80000,0x00000000eaeb8000,0x00000000eaf00000)
  to   space 512K, 0% used [0x00000000eae00000,0x00000000eae00000,0x00000000eae80000)
 ParOldGen       total 103424K, used 85240K [0x00000000c0000000, 0x00000000c6500000, 0x00000000eab00000)
  object space 103424K, 82% used [0x00000000c0000000,0x00000000c533e1a8,0x00000000c6500000)
 Metaspace       used 63390K, committed 64320K, reserved 1114112K
  class space    used 6276K, committed 6656K, reserved 1048576K
}
Event: 192.496 GC heap before
{Heap before GC invocations=625 (full 8):
 PSYoungGen      total 3072K, used 2784K [0x00000000eab00000, 0x00000000eaf00000, 0x0000000100000000)
  eden space 2560K, 100% used [0x00000000eab00000,0x00000000ead80000,0x00000000ead80000)
  from space 512K, 43% used [0x00000000eae80000,0x00000000eaeb8000,0x00000000eaf00000)
  to   space 512K, 0% used [0x00000000eae00000,0x00000000eae00000,0x00000000eae80000)
 ParOldGen       total 103424K, used 85240K [0x00000000c0000000, 0x00000000c6500000, 0x00000000eab00000)
  object space 103424K, 82% used [0x00000000c0000000,0x00000000c533e1a8,0x00000000c6500000)
 Metaspace       used 63390K, committed 64320K, reserved 1114112K
  class space    used 6276K, committed 6656K, reserved 1048576K
}
Event: 192.496 GC heap after
{Heap after GC invocations=625 (full 8):
 PSYoungGen      total 3072K, used 224K [0x00000000eab00000, 0x00000000eaf00000, 0x0000000100000000)
  eden space 2560K, 0% used [0x00000000eab00000,0x00000000eab00000,0x00000000ead80000)
  from space 512K, 43% used [0x00000000eae00000,0x00000000eae38000,0x00000000eae80000)
  to   space 512K, 0% used [0x00000000eae80000,0x00000000eae80000,0x00000000eaf00000)
 ParOldGen       total 103424K, used 85256K [0x00000000c0000000, 0x00000000c6500000, 0x00000000eab00000)
  object space 103424K, 82% used [0x00000000c0000000,0x00000000c53421a8,0x00000000c6500000)
 Metaspace       used 63390K, committed 64320K, reserved 1114112K
  class space    used 6276K, committed 6656K, reserved 1048576K
}
Event: 192.540 GC heap before
{Heap before GC invocations=626 (full 8):
 PSYoungGen      total 3072K, used 2784K [0x00000000eab00000, 0x00000000eaf00000, 0x0000000100000000)
  eden space 2560K, 100% used [0x00000000eab00000,0x00000000ead80000,0x00000000ead80000)
  from space 512K, 43% used [0x00000000eae00000,0x00000000eae38000,0x00000000eae80000)
  to   space 512K, 0% used [0x00000000eae80000,0x00000000eae80000,0x00000000eaf00000)
 ParOldGen       total 103424K, used 85256K [0x00000000c0000000, 0x00000000c6500000, 0x00000000eab00000)
  object space 103424K, 82% used [0x00000000c0000000,0x00000000c53421a8,0x00000000c6500000)
 Metaspace       used 63390K, committed 64320K, reserved 1114112K
  class space    used 6276K, committed 6656K, reserved 1048576K
}
Event: 192.541 GC heap after
{Heap after GC invocations=626 (full 8):
 PSYoungGen      total 3072K, used 256K [0x00000000eab00000, 0x00000000eaf00000, 0x0000000100000000)
  eden space 2560K, 0% used [0x00000000eab00000,0x00000000eab00000,0x00000000ead80000)
  from space 512K, 50% used [0x00000000eae80000,0x00000000eaec0000,0x00000000eaf00000)
  to   space 512K, 0% used [0x00000000eae00000,0x00000000eae00000,0x00000000eae80000)
 ParOldGen       total 103424K, used 85272K [0x00000000c0000000, 0x00000000c6500000, 0x00000000eab00000)
  object space 103424K, 82% used [0x00000000c0000000,0x00000000c53461a8,0x00000000c6500000)
 Metaspace       used 63390K, committed 64320K, reserved 1114112K
  class space    used 6276K, committed 6656K, reserved 1048576K
}
Event: 192.580 GC heap before
{Heap before GC invocations=627 (full 8):
 PSYoungGen      total 3072K, used 2816K [0x00000000eab00000, 0x00000000eaf00000, 0x0000000100000000)
  eden space 2560K, 100% used [0x00000000eab00000,0x00000000ead80000,0x00000000ead80000)
  from space 512K, 50% used [0x00000000eae80000,0x00000000eaec0000,0x00000000eaf00000)
  to   space 512K, 0% used [0x00000000eae00000,0x00000000eae00000,0x00000000eae80000)
 ParOldGen       total 103424K, used 85272K [0x00000000c0000000, 0x00000000c6500000, 0x00000000eab00000)
  object space 103424K, 82% used [0x00000000c0000000,0x00000000c53461a8,0x00000000c6500000)
 Metaspace       used 63390K, committed 64320K, reserved 1114112K
  class space    used 6276K, committed 6656K, reserved 1048576K
}
Event: 192.581 GC heap after
{Heap after GC invocations=627 (full 8):
 PSYoungGen      total 3072K, used 256K [0x00000000eab00000, 0x00000000eaf00000, 0x0000000100000000)
  eden space 2560K, 0% used [0x00000000eab00000,0x00000000eab00000,0x00000000ead80000)
  from space 512K, 50% used [0x00000000eae00000,0x00000000eae40000,0x00000000eae80000)
  to   space 512K, 0% used [0x00000000eae80000,0x00000000eae80000,0x00000000eaf00000)
 ParOldGen       total 103424K, used 85288K [0x00000000c0000000, 0x00000000c6500000, 0x00000000eab00000)
  object space 103424K, 82% used [0x00000000c0000000,0x00000000c534a1a8,0x00000000c6500000)
 Metaspace       used 63390K, committed 64320K, reserved 1114112K
  class space    used 6276K, committed 6656K, reserved 1048576K
}
Event: 192.603 GC heap before
{Heap before GC invocations=628 (full 8):
 PSYoungGen      total 3072K, used 2816K [0x00000000eab00000, 0x00000000eaf00000, 0x0000000100000000)
  eden space 2560K, 100% used [0x00000000eab00000,0x00000000ead80000,0x00000000ead80000)
  from space 512K, 50% used [0x00000000eae00000,0x00000000eae40000,0x00000000eae80000)
  to   space 512K, 0% used [0x00000000eae80000,0x00000000eae80000,0x00000000eaf00000)
 ParOldGen       total 103424K, used 85288K [0x00000000c0000000, 0x00000000c6500000, 0x00000000eab00000)
  object space 103424K, 82% used [0x00000000c0000000,0x00000000c534a1a8,0x00000000c6500000)
 Metaspace       used 63407K, committed 64320K, reserved 1114112K
  class space    used 6277K, committed 6656K, reserved 1048576K
}
Event: 192.604 GC heap after
{Heap after GC invocations=628 (full 8):
 PSYoungGen      total 3072K, used 288K [0x00000000eab00000, 0x00000000eaf00000, 0x0000000100000000)
  eden space 2560K, 0% used [0x00000000eab00000,0x00000000eab00000,0x00000000ead80000)
  from space 512K, 56% used [0x00000000eae80000,0x00000000eaec8000,0x00000000eaf00000)
  to   space 512K, 0% used [0x00000000eae00000,0x00000000eae00000,0x00000000eae80000)
 ParOldGen       total 103424K, used 85296K [0x00000000c0000000, 0x00000000c6500000, 0x00000000eab00000)
  object space 103424K, 82% used [0x00000000c0000000,0x00000000c534c1a8,0x00000000c6500000)
 Metaspace       used 63407K, committed 64320K, reserved 1114112K
  class space    used 6277K, committed 6656K, reserved 1048576K
}
Event: 192.669 GC heap before
{Heap before GC invocations=629 (full 8):
 PSYoungGen      total 3072K, used 2848K [0x00000000eab00000, 0x00000000eaf00000, 0x0000000100000000)
  eden space 2560K, 100% used [0x00000000eab00000,0x00000000ead80000,0x00000000ead80000)
  from space 512K, 56% used [0x00000000eae80000,0x00000000eaec8000,0x00000000eaf00000)
  to   space 512K, 0% used [0x00000000eae00000,0x00000000eae00000,0x00000000eae80000)
 ParOldGen       total 103424K, used 85296K [0x00000000c0000000, 0x00000000c6500000, 0x00000000eab00000)
  object space 103424K, 82% used [0x00000000c0000000,0x00000000c534c1a8,0x00000000c6500000)
 Metaspace       used 63408K, committed 64320K, reserved 1114112K
  class space    used 6277K, committed 6656K, reserved 1048576K
}
Event: 192.670 GC heap after
{Heap after GC invocations=629 (full 8):
 PSYoungGen      total 3072K, used 288K [0x00000000eab00000, 0x00000000eaf00000, 0x0000000100000000)
  eden space 2560K, 0% used [0x00000000eab00000,0x00000000eab00000,0x00000000ead80000)
  from space 512K, 56% used [0x00000000eae00000,0x00000000eae48000,0x00000000eae80000)
  to   space 512K, 0% used [0x00000000eae80000,0x00000000eae80000,0x00000000eaf00000)
 ParOldGen       total 103424K, used 85312K [0x00000000c0000000, 0x00000000c6500000, 0x00000000eab00000)
  object space 103424K, 82% used [0x00000000c0000000,0x00000000c53501a8,0x00000000c6500000)
 Metaspace       used 63408K, committed 64320K, reserved 1114112K
  class space    used 6277K, committed 6656K, reserved 1048576K
}
Event: 192.718 GC heap before
{Heap before GC invocations=630 (full 8):
 PSYoungGen      total 3072K, used 2848K [0x00000000eab00000, 0x00000000eaf00000, 0x0000000100000000)
  eden space 2560K, 100% used [0x00000000eab00000,0x00000000ead80000,0x00000000ead80000)
  from space 512K, 56% used [0x00000000eae00000,0x00000000eae48000,0x00000000eae80000)
  to   space 512K, 0% used [0x00000000eae80000,0x00000000eae80000,0x00000000eaf00000)
 ParOldGen       total 103424K, used 85312K [0x00000000c0000000, 0x00000000c6500000, 0x00000000eab00000)
  object space 103424K, 82% used [0x00000000c0000000,0x00000000c53501a8,0x00000000c6500000)
 Metaspace       used 63408K, committed 64320K, reserved 1114112K
  class space    used 6277K, committed 6656K, reserved 1048576K
}
Event: 192.719 GC heap after
{Heap after GC invocations=630 (full 8):
 PSYoungGen      total 3072K, used 224K [0x00000000eab00000, 0x00000000eaf00000, 0x0000000100000000)
  eden space 2560K, 0% used [0x00000000eab00000,0x00000000eab00000,0x00000000ead80000)
  from space 512K, 43% used [0x00000000eae80000,0x00000000eaeb8000,0x00000000eaf00000)
  to   space 512K, 0% used [0x00000000eae00000,0x00000000eae00000,0x00000000eae80000)
 ParOldGen       total 103424K, used 85320K [0x00000000c0000000, 0x00000000c6500000, 0x00000000eab00000)
  object space 103424K, 82% used [0x00000000c0000000,0x00000000c53521a8,0x00000000c6500000)
 Metaspace       used 63408K, committed 64320K, reserved 1114112K
  class space    used 6277K, committed 6656K, reserved 1048576K
}
Event: 192.768 GC heap before
{Heap before GC invocations=631 (full 8):
 PSYoungGen      total 3072K, used 2784K [0x00000000eab00000, 0x00000000eaf00000, 0x0000000100000000)
  eden space 2560K, 100% used [0x00000000eab00000,0x00000000ead80000,0x00000000ead80000)
  from space 512K, 43% used [0x00000000eae80000,0x00000000eaeb8000,0x00000000eaf00000)
  to   space 512K, 0% used [0x00000000eae00000,0x00000000eae00000,0x00000000eae80000)
 ParOldGen       total 103424K, used 85320K [0x00000000c0000000, 0x00000000c6500000, 0x00000000eab00000)
  object space 103424K, 82% used [0x00000000c0000000,0x00000000c53521a8,0x00000000c6500000)
 Metaspace       used 63409K, committed 64320K, reserved 1114112K
  class space    used 6277K, committed 6656K, reserved 1048576K
}
Event: 192.769 GC heap after
{Heap after GC invocations=631 (full 8):
 PSYoungGen      total 3072K, used 485K [0x00000000eab00000, 0x00000000eaf80000, 0x0000000100000000)
  eden space 2560K, 0% used [0x00000000eab00000,0x00000000eab00000,0x00000000ead80000)
  from space 512K, 94% used [0x00000000eae00000,0x00000000eae79778,0x00000000eae80000)
  to   space 1024K, 0% used [0x00000000eae80000,0x00000000eae80000,0x00000000eaf80000)
 ParOldGen       total 103424K, used 85726K [0x00000000c0000000, 0x00000000c6500000, 0x00000000eab00000)
  object space 103424K, 82% used [0x00000000c0000000,0x00000000c53b7920,0x00000000c6500000)
 Metaspace       used 63409K, committed 64320K, reserved 1114112K
  class space    used 6277K, committed 6656K, reserved 1048576K
}
Event: 192.790 GC heap before
{Heap before GC invocations=632 (full 8):
 PSYoungGen      total 3072K, used 3045K [0x00000000eab00000, 0x00000000eaf80000, 0x0000000100000000)
  eden space 2560K, 100% used [0x00000000eab00000,0x00000000ead80000,0x00000000ead80000)
  from space 512K, 94% used [0x00000000eae00000,0x00000000eae79778,0x00000000eae80000)
  to   space 1024K, 0% used [0x00000000eae80000,0x00000000eae80000,0x00000000eaf80000)
 ParOldGen       total 103424K, used 85726K [0x00000000c0000000, 0x00000000c6500000, 0x00000000eab00000)
  object space 103424K, 82% used [0x00000000c0000000,0x00000000c53b7920,0x00000000c6500000)
 Metaspace       used 63409K, committed 64320K, reserved 1114112K
  class space    used 6277K, committed 6656K, reserved 1048576K
}
Event: 192.792 GC heap after
{Heap after GC invocations=632 (full 8):
 PSYoungGen      total 2048K, used 997K [0x00000000eab00000, 0x00000000eb280000, 0x0000000100000000)
  eden space 1024K, 0% used [0x00000000eab00000,0x00000000eab00000,0x00000000eac00000)
  from space 1024K, 97% used [0x00000000eae80000,0x00000000eaf79778,0x00000000eaf80000)
  to   space 2560K, 0% used [0x00000000eac00000,0x00000000eac00000,0x00000000eae80000)
 ParOldGen       total 103424K, used 86814K [0x00000000c0000000, 0x00000000c6500000, 0x00000000eab00000)
  object space 103424K, 83% used [0x00000000c0000000,0x00000000c54c7920,0x00000000c6500000)
 Metaspace       used 63409K, committed 64320K, reserved 1114112K
  class space    used 6277K, committed 6656K, reserved 1048576K
}
Event: 192.812 GC heap before
{Heap before GC invocations=633 (full 8):
 PSYoungGen      total 2048K, used 2021K [0x00000000eab00000, 0x00000000eb280000, 0x0000000100000000)
  eden space 1024K, 100% used [0x00000000eab00000,0x00000000eac00000,0x00000000eac00000)
  from space 1024K, 97% used [0x00000000eae80000,0x00000000eaf79778,0x00000000eaf80000)
  to   space 2560K, 0% used [0x00000000eac00000,0x00000000eac00000,0x00000000eae80000)
 ParOldGen       total 103424K, used 86814K [0x00000000c0000000, 0x00000000c6500000, 0x00000000eab00000)
  object space 103424K, 83% used [0x00000000c0000000,0x00000000c54c7920,0x00000000c6500000)
 Metaspace       used 63409K, committed 64320K, reserved 1114112K
  class space    used 6277K, committed 6656K, reserved 1048576K
}
Event: 192.814 GC heap after
{Heap after GC invocations=633 (full 8):
 PSYoungGen      total 2560K, used 1061K [0x00000000eab00000, 0x00000000eaf00000, 0x0000000100000000)
  eden space 1024K, 0% used [0x00000000eab00000,0x00000000eab00000,0x00000000eac00000)
  from space 1536K, 69% used [0x00000000eac00000,0x00000000ead09778,0x00000000ead80000)
  to   space 1536K, 0% used [0x00000000ead80000,0x00000000ead80000,0x00000000eaf00000)
 ParOldGen       total 103424K, used 86822K [0x00000000c0000000, 0x00000000c6500000, 0x00000000eab00000)
  object space 103424K, 83% used [0x00000000c0000000,0x00000000c54c9920,0x00000000c6500000)
 Metaspace       used 63409K, committed 64320K, reserved 1114112K
  class space    used 6277K, committed 6656K, reserved 1048576K
}

Dll operation events (11 events):
Event: 0.009 Loaded shared library c:\Users\dell\.vscode\extensions\redhat.java-1.14.0-win32-x64\jre\17.0.5-win32-x86_64\bin\java.dll
Event: 0.357 Loaded shared library c:\Users\dell\.vscode\extensions\redhat.java-1.14.0-win32-x64\jre\17.0.5-win32-x86_64\bin\zip.dll
Event: 0.361 Loaded shared library C:\Users\dell\.vscode\extensions\redhat.java-1.14.0-win32-x64\jre\17.0.5-win32-x86_64\bin\instrument.dll
Event: 0.375 Loaded shared library C:\Users\dell\.vscode\extensions\redhat.java-1.14.0-win32-x64\jre\17.0.5-win32-x86_64\bin\net.dll
Event: 0.378 Loaded shared library C:\Users\dell\.vscode\extensions\redhat.java-1.14.0-win32-x64\jre\17.0.5-win32-x86_64\bin\nio.dll
Event: 0.389 Loaded shared library C:\Users\dell\.vscode\extensions\redhat.java-1.14.0-win32-x64\jre\17.0.5-win32-x86_64\bin\zip.dll
Event: 0.413 Loaded shared library C:\Users\dell\.vscode\extensions\redhat.java-1.14.0-win32-x64\jre\17.0.5-win32-x86_64\bin\jimage.dll
Event: 0.477 Loaded shared library c:\Users\dell\.vscode\extensions\redhat.java-1.14.0-win32-x64\jre\17.0.5-win32-x86_64\bin\verify.dll
Event: 2.414 Loaded shared library C:\Users\dell\AppData\Roaming\Code\User\globalStorage\redhat.java\1.14.0\config_win\org.eclipse.equinox.launcher\org.eclipse.equinox.launcher.win32.win32.x86_64_1.2.700.v20221108-1024\eclipse_11801.dll
Event: 5.639 Loaded shared library C:\Users\dell\AppData\Local\Temp\jna-3079617\jna13019808928119895678.dll
Event: 15.992 Loaded shared library C:\Users\dell\.vscode\extensions\redhat.java-1.14.0-win32-x64\jre\17.0.5-win32-x86_64\bin\sunmscapi.dll

Deoptimization events (20 events):
Event: 183.195 Thread 0x0000014bb1d81b80 Uncommon trap: trap_request=0xffffff45 fr.pc=0x0000014ba6478d18 relative=0x0000000000007ef8
Event: 183.195 Thread 0x0000014bb1d81b80 Uncommon trap: reason=unstable_if action=reinterpret pc=0x0000014ba6478d18 method=org.eclipse.jdt.internal.compiler.lookup.CompilationUnitScope.recordTypeReference(Lorg/eclipse/jdt/internal/compiler/lookup/TypeBinding;)V @ 4 c2
Event: 183.195 Thread 0x0000014bb1d81b80 DEOPT PACKING pc=0x0000014ba6478d18 sp=0x000000290f2fe800
Event: 183.195 Thread 0x0000014bb1d81b80 DEOPT UNPACKING pc=0x0000014b9e5058a3 sp=0x000000290f2fe7a8 mode 2
Event: 183.383 Thread 0x0000014bb1d81b80 DEOPT PACKING pc=0x0000014b9f53128a sp=0x000000290f2fed50
Event: 183.383 Thread 0x0000014bb1d81b80 DEOPT UNPACKING pc=0x0000014b9e5063e3 sp=0x000000290f2fe1b8 mode 0
Event: 184.560 Thread 0x0000014bb1d80370 DEOPT PACKING pc=0x0000014b9fb68c4f sp=0x000000290eefe1b0
Event: 184.560 Thread 0x0000014bb1d80370 DEOPT UNPACKING pc=0x0000014b9e5063e3 sp=0x000000290eefd710 mode 0
Event: 184.645 Thread 0x0000014bb1d80370 DEOPT PACKING pc=0x0000014b9fb68c4f sp=0x000000290eefe1b0
Event: 184.645 Thread 0x0000014bb1d80370 DEOPT UNPACKING pc=0x0000014b9e5063e3 sp=0x000000290eefd710 mode 0
Event: 185.538 Thread 0x0000014bb1d816b0 DEOPT PACKING pc=0x0000014b9f534f8e sp=0x000000290f9fdbd0
Event: 185.538 Thread 0x0000014bb1d816b0 DEOPT UNPACKING pc=0x0000014b9e5063e3 sp=0x000000290f9fd0f0 mode 0
Event: 186.264 Thread 0x0000014bb1d816b0 DEOPT PACKING pc=0x0000014b9f51e4ad sp=0x000000290f9fda40
Event: 186.264 Thread 0x0000014bb1d816b0 DEOPT UNPACKING pc=0x0000014b9e5063e3 sp=0x000000290f9fced8 mode 0
Event: 186.284 Thread 0x0000014bb1d816b0 DEOPT PACKING pc=0x0000014b9f51d834 sp=0x000000290f9fdab0
Event: 186.284 Thread 0x0000014bb1d816b0 DEOPT UNPACKING pc=0x0000014b9e5063e3 sp=0x000000290f9fcfa8 mode 0
Event: 192.590 Thread 0x0000014bb1d816b0 Uncommon trap: trap_request=0xffffff45 fr.pc=0x0000014ba67e043c relative=0x00000000000010dc
Event: 192.590 Thread 0x0000014bb1d816b0 Uncommon trap: reason=unstable_if action=reinterpret pc=0x0000014ba67e043c method=org.eclipse.core.internal.localstore.UnifiedTree.addChildren(Lorg/eclipse/core/internal/localstore/UnifiedTreeNode;)V @ 167 c2
Event: 192.590 Thread 0x0000014bb1d816b0 DEOPT PACKING pc=0x0000014ba67e043c sp=0x000000290f9fdb80
Event: 192.590 Thread 0x0000014bb1d816b0 DEOPT UNPACKING pc=0x0000014b9e5058a3 sp=0x000000290f9fdaf8 mode 2

Classes unloaded (7 events):
Event: 3.895 Thread 0x0000014bafda6b90 Unloading class 0x000000010021a800 'java/lang/invoke/LambdaForm$MH+0x000000010021a800'
Event: 3.895 Thread 0x0000014bafda6b90 Unloading class 0x000000010021a400 'java/lang/invoke/LambdaForm$MH+0x000000010021a400'
Event: 3.895 Thread 0x0000014bafda6b90 Unloading class 0x000000010021a000 'java/lang/invoke/LambdaForm$MH+0x000000010021a000'
Event: 3.896 Thread 0x0000014bafda6b90 Unloading class 0x0000000100219800 'java/lang/invoke/LambdaForm$MH+0x0000000100219800'
Event: 3.896 Thread 0x0000014bafda6b90 Unloading class 0x0000000100219400 'java/lang/invoke/LambdaForm$BMH+0x0000000100219400'
Event: 3.896 Thread 0x0000014bafda6b90 Unloading class 0x0000000100219000 'java/lang/invoke/LambdaForm$DMH+0x0000000100219000'
Event: 3.896 Thread 0x0000014bafda6b90 Unloading class 0x0000000100216400 'java/lang/invoke/LambdaForm$DMH+0x0000000100216400'

Classes redefined (0 events):
No events

Internal exceptions (20 events):
Event: 184.832 Thread 0x0000014bb1d80370 Exception <a 'java/lang/NullPointerException'{0x00000000ead05a88}> (0x00000000ead05a88) 
thrown [s\src\hotspot\share\runtime\sharedRuntime.cpp, line 628]
Event: 184.834 Thread 0x0000014bb1d80370 Implicit null exception at 0x0000014b9f866076 to 0x0000014b9f8666fd
Event: 184.834 Thread 0x0000014bb1d80370 Exception <a 'java/lang/NullPointerException'{0x00000000ead2e3f0}> (0x00000000ead2e3f0) 
thrown [s\src\hotspot\share\runtime\sharedRuntime.cpp, line 628]
Event: 184.834 Thread 0x0000014bb1d80370 Implicit null exception at 0x0000014b9f866076 to 0x0000014b9f8666fd
Event: 184.834 Thread 0x0000014bb1d80370 Exception <a 'java/lang/NullPointerException'{0x00000000ead2f358}> (0x00000000ead2f358) 
thrown [s\src\hotspot\share\runtime\sharedRuntime.cpp, line 628]
Event: 184.834 Thread 0x0000014bb1d80370 Implicit null exception at 0x0000014b9f866076 to 0x0000014b9f8666fd
Event: 184.834 Thread 0x0000014bb1d80370 Exception <a 'java/lang/NullPointerException'{0x00000000ead2fe80}> (0x00000000ead2fe80) 
thrown [s\src\hotspot\share\runtime\sharedRuntime.cpp, line 628]
Event: 184.834 Thread 0x0000014bb1d80370 Implicit null exception at 0x0000014b9f866076 to 0x0000014b9f8666fd
Event: 184.834 Thread 0x0000014bb1d80370 Exception <a 'java/lang/NullPointerException'{0x00000000ead309a8}> (0x00000000ead309a8) 
thrown [s\src\hotspot\share\runtime\sharedRuntime.cpp, line 628]
Event: 184.834 Thread 0x0000014bb1d80370 Implicit null exception at 0x0000014b9f866076 to 0x0000014b9f8666fd
Event: 184.834 Thread 0x0000014bb1d80370 Exception <a 'java/lang/NullPointerException'{0x00000000ead312e0}> (0x00000000ead312e0) 
thrown [s\src\hotspot\share\runtime\sharedRuntime.cpp, line 628]
Event: 184.834 Thread 0x0000014bb1d80370 Implicit null exception at 0x0000014b9f866076 to 0x0000014b9f8666fd
Event: 184.834 Thread 0x0000014bb1d80370 Exception <a 'java/lang/NullPointerException'{0x00000000ead34168}> (0x00000000ead34168) 
thrown [s\src\hotspot\share\runtime\sharedRuntime.cpp, line 628]
Event: 184.834 Thread 0x0000014bb1d80370 Implicit null exception at 0x0000014b9f866076 to 0x0000014b9f8666fd
Event: 184.834 Thread 0x0000014bb1d80370 Exception <a 'java/lang/NullPointerException'{0x00000000ead34ee8}> (0x00000000ead34ee8) 
thrown [s\src\hotspot\share\runtime\sharedRuntime.cpp, line 628]
Event: 184.836 Thread 0x0000014bb1d80370 Implicit null exception at 0x0000014b9f866076 to 0x0000014b9f8666fd
Event: 184.836 Thread 0x0000014bb1d80370 Exception <a 'java/lang/NullPointerException'{0x00000000ead5c0f0}> (0x00000000ead5c0f0) 
thrown [s\src\hotspot\share\runtime\sharedRuntime.cpp, line 628]
Event: 184.836 Thread 0x0000014bb1d80370 Implicit null exception at 0x0000014b9f866076 to 0x0000014b9f8666fd
Event: 184.836 Thread 0x0000014bb1d80370 Exception <a 'java/lang/NullPointerException'{0x00000000ead5e528}> (0x00000000ead5e528) 
thrown [s\src\hotspot\share\runtime\sharedRuntime.cpp, line 628]
Event: 192.701 Thread 0x0000014bb1d81b80 Exception <a 'sun/nio/fs/WindowsException'{0x00000000eabf4718}> (0x00000000eabf4718) 
thrown [s\src\hotspot\share\prims\jni.cpp, line 516]

VM Operations (20 events):
Event: 192.380 Executing VM operation: ParallelGCFailedAllocation done
Event: 192.434 Executing VM operation: ParallelGCFailedAllocation
Event: 192.435 Executing VM operation: ParallelGCFailedAllocation done
Event: 192.496 Executing VM operation: ParallelGCFailedAllocation
Event: 192.496 Executing VM operation: ParallelGCFailedAllocation done
Event: 192.540 Executing VM operation: ParallelGCFailedAllocation
Event: 192.541 Executing VM operation: ParallelGCFailedAllocation done
Event: 192.580 Executing VM operation: ParallelGCFailedAllocation
Event: 192.581 Executing VM operation: ParallelGCFailedAllocation done
Event: 192.603 Executing VM operation: ParallelGCFailedAllocation
Event: 192.609 Executing VM operation: ParallelGCFailedAllocation done
Event: 192.669 Executing VM operation: ParallelGCFailedAllocation
Event: 192.670 Executing VM operation: ParallelGCFailedAllocation done
Event: 192.718 Executing VM operation: ParallelGCFailedAllocation
Event: 192.719 Executing VM operation: ParallelGCFailedAllocation done
Event: 192.768 Executing VM operation: ParallelGCFailedAllocation
Event: 192.769 Executing VM operation: ParallelGCFailedAllocation done
Event: 192.790 Executing VM operation: ParallelGCFailedAllocation
Event: 192.792 Executing VM operation: ParallelGCFailedAllocation done
Event: 192.812 Executing VM operation: ParallelGCFailedAllocation

Events (20 events):
Event: 184.202 Thread 0x0000014bb1836740 flushing nmethod 0x0000014b9f583090
Event: 184.202 Thread 0x0000014bb1836740 flushing nmethod 0x0000014b9f590a10
Event: 184.202 Thread 0x0000014bb1836740 flushing nmethod 0x0000014b9f596110
Event: 184.202 Thread 0x0000014bb1836740 flushing nmethod 0x0000014b9f5ca910
Event: 184.202 Thread 0x0000014bb1836740 flushing nmethod 0x0000014b9f5cbd90
Event: 184.202 Thread 0x0000014bb1836740 flushing nmethod 0x0000014b9f5cc490
Event: 184.202 Thread 0x0000014bb1836740 flushing nmethod 0x0000014b9f5ec790
Event: 184.203 Thread 0x0000014bb1836740 flushing nmethod 0x0000014b9f795e90
Event: 184.205 Thread 0x0000014bb1836740 flushing nmethod 0x0000014b9f9ecf10
Event: 184.206 Thread 0x0000014bb1836740 flushing nmethod 0x0000014b9faf8d90
Event: 184.206 Thread 0x0000014bb1836740 flushing nmethod 0x0000014b9fc15e90
Event: 184.206 Thread 0x0000014bb1836740 flushing nmethod 0x0000014b9fc1cf90
Event: 184.207 Thread 0x0000014bb1836740 flushing nmethod 0x0000014b9fcf9f90
Event: 184.207 Thread 0x0000014bb1836740 flushing nmethod 0x0000014b9fd25990
Event: 184.207 Thread 0x0000014bb1836740 flushing nmethod 0x0000014b9fd25f90
Event: 184.207 Thread 0x0000014bb1836740 flushing nmethod 0x0000014b9fd2ae90
Event: 184.207 Thread 0x0000014bb1836740 flushing nmethod 0x0000014b9fd2c290
Event: 184.207 Thread 0x0000014bb1836740 flushing nmethod 0x0000014b9fd36190
Event: 184.405 Thread 0x0000014bb88f6450 Thread exited: 0x0000014bb88f6450
Event: 192.694 Thread 0x0000014bb88f6450 Thread added: 0x0000014bb88f6450


Dynamic libraries:
0x00007ff75dce0000 - 0x00007ff75dcee000 	c:\Users\dell\.vscode\extensions\redhat.java-1.14.0-win32-x64\jre\17.0.5-win32-x86_64\bin\java.exe
0x00007ff9fc610000 - 0x00007ff9fc808000 	C:\WINDOWS\SYSTEM32\ntdll.dll
0x00007ff9fb8b0000 - 0x00007ff9fb96d000 	C:\WINDOWS\System32\KERNEL32.DLL
0x00007ff9fa370000 - 0x00007ff9fa63e000 	C:\WINDOWS\System32\KERNELBASE.dll
0x00007ff9fa140000 - 0x00007ff9fa240000 	C:\WINDOWS\System32\ucrtbase.dll
0x00007ff9dcf60000 - 0x00007ff9dcf77000 	c:\Users\dell\.vscode\extensions\redhat.java-1.14.0-win32-x64\jre\17.0.5-win32-x86_64\bin\jli.dll
0x00007ff9fc160000 - 0x00007ff9fc300000 	C:\WINDOWS\System32\USER32.dll
0x00007ff9fa640000 - 0x00007ff9fa662000 	C:\WINDOWS\System32\win32u.dll
0x00007ff9fb410000 - 0x00007ff9fb43a000 	C:\WINDOWS\System32\GDI32.dll
0x00007ff9f9f90000 - 0x00007ff9fa09b000 	C:\WINDOWS\System32\gdi32full.dll
0x00007ff9fa240000 - 0x00007ff9fa2dd000 	C:\WINDOWS\System32\msvcp_win.dll
0x00007ff9da6d0000 - 0x00007ff9da6e9000 	c:\Users\dell\.vscode\extensions\redhat.java-1.14.0-win32-x64\jre\17.0.5-win32-x86_64\bin\VCRUNTIME140.dll
0x00007ff9dd060000 - 0x00007ff9dd2fa000 	C:\WINDOWS\WinSxS\amd64_microsoft.windows.common-controls_6595b64144ccf1df_6.0.19041.1110_none_60b5254171f9507e\COMCTL32.dll
0x00007ff9fbd60000 - 0x00007ff9fbdfe000 	C:\WINDOWS\System32\msvcrt.dll
0x00007ff9fb9e0000 - 0x00007ff9fba10000 	C:\WINDOWS\System32\IMM32.DLL
0x00007ff9dcbc0000 - 0x00007ff9dcbcc000 	c:\Users\dell\.vscode\extensions\redhat.java-1.14.0-win32-x64\jre\17.0.5-win32-x86_64\bin\vcruntime140_1.dll
0x00007ff9b8a90000 - 0x00007ff9b8b21000 	c:\Users\dell\.vscode\extensions\redhat.java-1.14.0-win32-x64\jre\17.0.5-win32-x86_64\bin\msvcp140.dll
0x00007ff9ac8f0000 - 0x00007ff9ad534000 	c:\Users\dell\.vscode\extensions\redhat.java-1.14.0-win32-x64\jre\17.0.5-win32-x86_64\bin\server\jvm.dll
0x00007ff9fb230000 - 0x00007ff9fb2de000 	C:\WINDOWS\System32\ADVAPI32.dll
0x00007ff9fc450000 - 0x00007ff9fc4ec000 	C:\WINDOWS\System32\sechost.dll
0x00007ff9fb710000 - 0x00007ff9fb835000 	C:\WINDOWS\System32\RPCRT4.dll
0x00007ff9dc790000 - 0x00007ff9dc799000 	C:\WINDOWS\SYSTEM32\WSOCK32.dll
0x00007ff9fb970000 - 0x00007ff9fb9db000 	C:\WINDOWS\System32\WS2_32.dll
0x00007ff9e6140000 - 0x00007ff9e6167000 	C:\WINDOWS\SYSTEM32\WINMM.dll
0x00007ff9f3d10000 - 0x00007ff9f3d1a000 	C:\WINDOWS\SYSTEM32\VERSION.dll
0x00007ff9f85c0000 - 0x00007ff9f85d2000 	C:\WINDOWS\SYSTEM32\kernel.appcore.dll
0x00007ff9d5930000 - 0x00007ff9d593a000 	c:\Users\dell\.vscode\extensions\redhat.java-1.14.0-win32-x64\jre\17.0.5-win32-x86_64\bin\jimage.dll
0x00007ff9f7b20000 - 0x00007ff9f7d04000 	C:\WINDOWS\SYSTEM32\DBGHELP.DLL
0x00007ff9e6050000 - 0x00007ff9e607c000 	C:\WINDOWS\SYSTEM32\dbgcore.DLL
0x00007ff9fa2e0000 - 0x00007ff9fa362000 	C:\WINDOWS\System32\bcryptPrimitives.dll
0x00007ff9d4f60000 - 0x00007ff9d4f6e000 	c:\Users\dell\.vscode\extensions\redhat.java-1.14.0-win32-x64\jre\17.0.5-win32-x86_64\bin\instrument.dll
0x00007ff9d4f30000 - 0x00007ff9d4f55000 	c:\Users\dell\.vscode\extensions\redhat.java-1.14.0-win32-x64\jre\17.0.5-win32-x86_64\bin\java.dll
0x00007ff9d4ce0000 - 0x00007ff9d4cf8000 	c:\Users\dell\.vscode\extensions\redhat.java-1.14.0-win32-x64\jre\17.0.5-win32-x86_64\bin\zip.dll
0x00007ff9fa670000 - 0x00007ff9fadb4000 	C:\WINDOWS\System32\SHELL32.dll
0x00007ff9f7e10000 - 0x00007ff9f85a4000 	C:\WINDOWS\SYSTEM32\windows.storage.dll
0x00007ff9fbe00000 - 0x00007ff9fc154000 	C:\WINDOWS\System32\combase.dll
0x00007ff9f96c0000 - 0x00007ff9f96f0000 	C:\WINDOWS\SYSTEM32\Wldp.dll
0x00007ff9fbb40000 - 0x00007ff9fbbed000 	C:\WINDOWS\System32\SHCORE.dll
0x00007ff9fbd00000 - 0x00007ff9fbd55000 	C:\WINDOWS\System32\shlwapi.dll
0x00007ff9f9c70000 - 0x00007ff9f9c8f000 	C:\WINDOWS\SYSTEM32\profapi.dll
0x00007ff9d4340000 - 0x00007ff9d4359000 	C:\Users\dell\.vscode\extensions\redhat.java-1.14.0-win32-x64\jre\17.0.5-win32-x86_64\bin\net.dll
0x00007ff9e9690000 - 0x00007ff9e979a000 	C:\WINDOWS\SYSTEM32\WINHTTP.dll
0x00007ff9f9420000 - 0x00007ff9f948a000 	C:\WINDOWS\system32\mswsock.dll
0x00007ff9d33d0000 - 0x00007ff9d33e5000 	C:\Users\dell\.vscode\extensions\redhat.java-1.14.0-win32-x64\jre\17.0.5-win32-x86_64\bin\nio.dll
0x00007ff9d4f20000 - 0x00007ff9d4f30000 	c:\Users\dell\.vscode\extensions\redhat.java-1.14.0-win32-x64\jre\17.0.5-win32-x86_64\bin\verify.dll
0x00007ff9d4370000 - 0x00007ff9d43ae000 	C:\Users\dell\AppData\Roaming\Code\User\globalStorage\redhat.java\1.14.0\config_win\org.eclipse.equinox.launcher\org.eclipse.equinox.launcher.win32.win32.x86_64_1.2.700.v20221108-1024\eclipse_11801.dll
0x00007ff9fc320000 - 0x00007ff9fc44a000 	C:\WINDOWS\System32\ole32.dll
0x00007ff9f9610000 - 0x00007ff9f9628000 	C:\WINDOWS\SYSTEM32\CRYPTSP.dll
0x00007ff9f8da0000 - 0x00007ff9f8dd4000 	C:\WINDOWS\system32\rsaenh.dll
0x00007ff9fa0a0000 - 0x00007ff9fa0c7000 	C:\WINDOWS\System32\bcrypt.dll
0x00007ff9f9c30000 - 0x00007ff9f9c5e000 	C:\WINDOWS\SYSTEM32\USERENV.dll
0x00007ff9f9630000 - 0x00007ff9f963c000 	C:\WINDOWS\SYSTEM32\CRYPTBASE.dll
0x00007ff9f9110000 - 0x00007ff9f914b000 	C:\WINDOWS\SYSTEM32\IPHLPAPI.DLL
0x00007ff9fb840000 - 0x00007ff9fb848000 	C:\WINDOWS\System32\NSI.dll
0x00007ff9f28e0000 - 0x00007ff9f28f7000 	C:\WINDOWS\SYSTEM32\dhcpcsvc6.DLL
0x00007ff9f2880000 - 0x00007ff9f289d000 	C:\WINDOWS\SYSTEM32\dhcpcsvc.DLL
0x00007ff9f9150000 - 0x00007ff9f921b000 	C:\WINDOWS\SYSTEM32\DNSAPI.dll
0x00007ff9d1ad0000 - 0x00007ff9d1b10000 	C:\Users\dell\AppData\Local\Temp\jna-3079617\jna13019808928119895678.dll
0x00007ff9fbb30000 - 0x00007ff9fbb38000 	C:\WINDOWS\System32\PSAPI.DLL
0x00007ff9d4cd0000 - 0x00007ff9d4cde000 	C:\Users\dell\.vscode\extensions\redhat.java-1.14.0-win32-x64\jre\17.0.5-win32-x86_64\bin\sunmscapi.dll
0x00007ff9f9d80000 - 0x00007ff9f9ed6000 	C:\WINDOWS\System32\CRYPT32.dll
0x00007ff9f9730000 - 0x00007ff9f9757000 	C:\WINDOWS\SYSTEM32\ncrypt.dll
0x00007ff9f96f0000 - 0x00007ff9f972b000 	C:\WINDOWS\SYSTEM32\NTASN1.dll

dbghelp: loaded successfully - version: 4.0.5 - missing functions: none
symbol engine: initialized successfully - sym options: 0x614 - pdb path: .;c:\Users\dell\.vscode\extensions\redhat.java-1.14.0-win32-x64\jre\17.0.5-win32-x86_64\bin;C:\WINDOWS\SYSTEM32;C:\WINDOWS\WinSxS\amd64_microsoft.windows.common-controls_6595b64144ccf1df_6.0.19041.1110_none_60b5254171f9507e;c:\Users\dell\.vscode\extensions\redhat.java-1.14.0-win32-x64\jre\17.0.5-win32-x86_64\bin\server;C:\Users\dell\AppData\Roaming\Code\User\globalStorage\redhat.java\1.14.0\config_win\org.eclipse.equinox.launcher\org.eclipse.equinox.launcher.win32.win32.x86_64_1.2.700.v20221108-1024;C:\Users\dell\AppData\Local\Temp\jna-3079617

VM Arguments:
jvm_args: --add-modules=ALL-SYSTEM --add-opens=java.base/java.util=ALL-UNNAMED --add-opens=java.base/java.lang=ALL-UNNAMED --add-opens=java.base/sun.nio.fs=ALL-UNNAMED -Declipse.application=org.eclipse.jdt.ls.core.id1 -Dosgi.bundles.defaultStartLevel=4 -Declipse.product=org.eclipse.jdt.ls.core.product -Djava.import.generatesMetadataFilesAtProjectRoot=false -Dfile.encoding=utf8 -XX:+UseParallelGC -XX:GCTimeRatio=4 -XX:AdaptiveSizePolicyWeight=90 -Dsun.zip.disableMemoryMapping=true -Xmx1G -Xms100m -Xlog:disable -javaagent:c:\Users\dell\.vscode\extensions\redhat.java-1.14.0-win32-x64\lombok\lombok-1.18.24.jar -XX:+HeapDumpOnOutOfMemoryError -XX:HeapDumpPath=c:\Users\dell\AppData\Roaming\Code\User\workspaceStorage\99e6ae8632433da49c8b74ed8f7e51d0\redhat.java 
java_command: c:\Users\dell\.vscode\extensions\redhat.java-1.14.0-win32-x64\server\plugins\org.eclipse.equinox.launcher_1.6.400.v20210924-0641.jar -configuration c:\Users\dell\AppData\Roaming\Code\User\globalStorage\redhat.java\1.14.0\config_win -data c:\Users\dell\AppData\Roaming\Code\User\workspaceStorage\99e6ae8632433da49c8b74ed8f7e51d0\redhat.java\jdt_ws
java_class_path (initial): c:\Users\dell\.vscode\extensions\redhat.java-1.14.0-win32-x64\server\plugins\org.eclipse.equinox.launcher_1.6.400.v20210924-0641.jar
Launcher Type: SUN_STANDARD

[Global flags]
    uintx AdaptiveSizePolicyWeight                 = 90                                        {product} {command line}
     intx CICompilerCount                          = 3                                         {product} {ergonomic}
    uintx GCTimeRatio                              = 4                                         {product} {command line}
     bool HeapDumpOnOutOfMemoryError               = true                                   {manageable} {command line}
    ccstr HeapDumpPath                             = c:\Users\dell\AppData\Roaming\Code\User\workspaceStorage\99e6ae8632433da49c8b74ed8f7e51d0\redhat.java         {manageable} {command line}
   size_t InitialHeapSize                          = 104857600                                 {product} {command line}
   size_t MaxHeapSize                              = 1073741824                                {product} {command line}
   size_t MaxNewSize                               = 357564416                                 {product} {ergonomic}
   size_t MinHeapDeltaBytes                        = 524288                                    {product} {ergonomic}
   size_t MinHeapSize                              = 104857600                                 {product} {command line}
   size_t NewSize                                  = 34603008                                  {product} {ergonomic}
    uintx NonNMethodCodeHeapSize                   = 5832780                                {pd product} {ergonomic}
    uintx NonProfiledCodeHeapSize                  = 122912730                              {pd product} {ergonomic}
   size_t OldSize                                  = 70254592                                  {product} {ergonomic}
    uintx ProfiledCodeHeapSize                     = 122912730                              {pd product} {ergonomic}
    uintx ReservedCodeCacheSize                    = 251658240                              {pd product} {ergonomic}
     bool SegmentedCodeCache                       = true                                      {product} {ergonomic}
   size_t SoftMaxHeapSize                          = 1073741824                             {manageable} {ergonomic}
     bool UseCompressedClassPointers               = true                           {product lp64_product} {ergonomic}
     bool UseCompressedOops                        = true                           {product lp64_product} {ergonomic}
     bool UseLargePagesIndividualAllocation        = false                                  {pd product} {ergonomic}
     bool UseParallelGC                            = true                                      {product} {command line}

Logging:
Log output configuration:
 #0: stdout all=off uptime,level,tags
 #1: stderr all=off uptime,level,tags

Environment Variables:
PATH=C:\Program Files\Eclipse Adoptium\jdk-17.0.4.101-hotspot\bin;C:\Users\dell\Desktop\sqlite-tools-win32-x86-3390300;C:\MinGW\bin;C:\Program Files\MySQL\MySQL Shell 8.0\bin\;C:\Users\dell\AppData\Local\Microsoft\WindowsApps;C:\Users\dell\AppData\Local\GitHubDesktop\bin;C:\Users\dell\AppData\Local\Programs\Microsoft VS Code\bin;C:\Program Files\MongoDB\Server\6.0\bin;C:\MinGW\bin;C:\Program Files\Git\bin;
USERNAME=dell
OS=Windows_NT
PROCESSOR_IDENTIFIER=Intel64 Family 6 Model 126 Stepping 5, GenuineIntel
TMP=C:\Users\dell\AppData\Local\Temp
TEMP=C:\Users\dell\AppData\Local\Temp



---------------  S Y S T E M  ---------------

OS:
 Windows 10 , 64 bit Build 19041 (10.0.19041.1806)
OS uptime: 0 days 17:36 hours

CPU: total 4 (initial active 4) (2 cores per cpu, 2 threads per core) family 6 model 126 stepping 5 microcode 0xb2, cx8, cmov, fxsr, ht, mmx, 3dnowpref, sse, sse2, sse3, ssse3, sse4.1, sse4.2, popcnt, lzcnt, tsc, tscinvbit, avx, avx2, aes, erms, clmul, bmi1, bmi2, adx, avx512f, avx512dq, avx512cd, avx512bw, avx512vl, sha, fma, vzeroupper, avx512_vpopcntdq, avx512_vpclmulqdq, avx512_vaes, avx512_vnni, clflush, clflushopt, avx512_vbmi2, avx512_vbmi

Memory: 4k page, system-wide physical 7959M (3011M free)
TotalPageFile size 16663M (AvailPageFile size 10480M)
current process WorkingSet (physical memory assigned to process): 286M, peak: 347M
current process commit charge ("private bytes"): 317M, peak: 384M

vm_info: OpenJDK 64-Bit Server VM (17.0.5+8) for windows-amd64 JRE (17.0.5+8), built on Oct 19 2022 04:48:13 by "temurin" with MS VC++ 16.7 (VS2019)

END.
